2025-03-29 02:14:34 [main] INFO  RuianPullerApplication - Starting RuianPullerApplication v1 using Java 21.0.2 with PID 11760 (C:\Users\Ufo12\FAV\Bachelor\Bachelor\AlmostFinalVersion\target\Ruian_Puller-1.jar started by Ufo12 in C:\Users\Ufo12\FAV\Bachelor\Bachelor\AlmostFinalVersion)
2025-03-29 02:14:34 [main] INFO  RuianPullerApplication - No active profile set, falling back to 1 default profile: "default"
2025-03-29 02:14:35 [main] INFO  RepositoryConfigurationDelegate - Bootstrapping Spring Data JPA repositories in DEFAULT mode.
2025-03-29 02:14:35 [main] INFO  RepositoryConfigurationDelegate - Finished Spring Data repository scanning in 65 ms. Found 19 JPA repository interfaces.
2025-03-29 02:14:35 [main] ERROR ConfigAbstract - Configuration file not found: ../config.json
2025-03-29 02:14:51 [main] INFO  RuianPullerApplication - Starting RuianPullerApplication v1 using Java 21.0.2 with PID 17384 (C:\Users\Ufo12\FAV\Bachelor\Bachelor\AlmostFinalVersion\target\Ruian_Puller-1.jar started by Ufo12 in C:\Users\Ufo12\FAV\Bachelor\Bachelor\AlmostFinalVersion)
2025-03-29 02:14:51 [main] INFO  RuianPullerApplication - No active profile set, falling back to 1 default profile: "default"
2025-03-29 02:14:51 [main] INFO  RepositoryConfigurationDelegate - Bootstrapping Spring Data JPA repositories in DEFAULT mode.
2025-03-29 02:14:51 [main] INFO  RepositoryConfigurationDelegate - Finished Spring Data repository scanning in 62 ms. Found 19 JPA repository interfaces.
2025-03-29 02:14:52 [main] ERROR ConfigAbstract - Configuration file not found: ../config.json
2025-03-29 02:15:43 [main] INFO  RuianPullerApplication - Starting RuianPullerApplication v1 using Java 21.0.2 with PID 25468 (C:\Users\Ufo12\FAV\Bachelor\Bachelor\AlmostFinalVersion\target\Ruian_Puller-1.jar started by Ufo12 in C:\Users\Ufo12\FAV\Bachelor\Bachelor\AlmostFinalVersion)
2025-03-29 02:15:43 [main] INFO  RuianPullerApplication - No active profile set, falling back to 1 default profile: "default"
2025-03-29 02:15:44 [main] INFO  RepositoryConfigurationDelegate - Bootstrapping Spring Data JPA repositories in DEFAULT mode.
2025-03-29 02:15:44 [main] INFO  RepositoryConfigurationDelegate - Finished Spring Data repository scanning in 63 ms. Found 19 JPA repository interfaces.
2025-03-29 02:15:44 [main] INFO  DatabaseSource - Database type: postgresql
2025-03-29 02:15:44 [main] INFO  DatabaseSource - Connecting to database at jdbc:postgresql://localhost:5432
2025-03-29 02:15:44 [main] INFO  DatabaseSource - Database name: ruian
2025-03-29 02:15:44 [main] INFO  DatabaseSource - Database username: postgres
2025-03-29 02:15:45 [main] INFO  LogHelper - HHH000204: Processing PersistenceUnitInfo [name: default]
2025-03-29 02:15:45 [main] INFO  Version - HHH000412: Hibernate ORM core version 6.1.7.Final
2025-03-29 02:15:45 [main] INFO  SpatialService - HHH80000001: hibernate-spatial integration enabled : true
2025-03-29 02:15:45 [main] INFO  SQL dialect - HHH000400: Using dialect: org.hibernate.dialect.PostgreSQLDialect
2025-03-29 02:15:46 [main] INFO  spatial - HHH80000003: hibernate-spatial adding type contributions from : org.hibernate.spatial.dialect.postgis.PostgisDialectContributor
2025-03-29 02:15:46 [main] INFO  spatial - HHH80000004: hibernate-spatial adding function contributions from : org.hibernate.spatial.dialect.postgis.PostgisDialectContributor
2025-03-29 02:15:46 [main] INFO  JtaPlatformInitiator - HHH000490: Using JtaPlatform implementation: [org.hibernate.engine.transaction.jta.platform.internal.NoJtaPlatform]
2025-03-29 02:15:46 [main] INFO  LocalContainerEntityManagerFactoryBean - Initialized JPA EntityManagerFactory for persistence unit 'default'
2025-03-29 02:15:46 [main] INFO  AppConfig - Processing all tables.
2025-03-29 02:15:46 [main] INFO  AppConfig - ===============================================================
2025-03-29 02:15:48 [main] INFO  RuianPullerApplication - Started RuianPullerApplication in 4.781 seconds (process running for 5.595)
2025-03-29 02:15:48 [main] INFO  RuianPullerApplication - ================================================
2025-03-29 02:15:48 [main] INFO  RuianPullerApplication - Downloading data for Stat Az Zsj.
2025-03-29 02:15:48 [main] INFO  VdpClient - Stat az zsj link: https://vdp.cuzk.gov.cz/vymenny_format/soucasna/20250228_ST_UZSZ.xml.zip
2025-03-29 02:15:53 [main] INFO  RuianPullerApplication - Data downloaded successfully.
2025-03-29 02:15:53 [main] INFO  RuianPullerApplication - Data processing started.
2025-03-29 02:15:53 [main] INFO  VdpParser - Found 1 Stat objects.
2025-03-29 02:15:54 [main] INFO  StatService - Saved 1 out of 1 Stat
2025-03-29 02:15:54 [main] INFO  VdpParser - Found 8 RegionSoudrznosti objects.
2025-03-29 02:15:54 [main] INFO  RegionSoudrznostiService - Saved 8 out of 8 RegionSoudrznosti
2025-03-29 02:15:54 [main] INFO  VdpParser - Found 14 Vusc objects.
2025-03-29 02:15:54 [main] INFO  VuscService - Saved 14 out of 14 Vusc
2025-03-29 02:15:54 [main] INFO  VdpParser - Found 76 Okres objects.
